Command line:
   Four_2_One_MUX_isim_beh.exe
     -simmode  gui
     -simrunnum  0
     -socket  65056

Wed Dec 29 20:21:08 2021


 Elaboration Time: 0.03125 sec

 Current Memory Usage: 5149.56 Meg

 Total Signals          : 103
 Total Nets             : 38
 Total Signal Drivers   : 23
 Total Blocks           : 23
 Total Primitive Blocks : 19
 Total Processes        : 24
 Total Traceable Variables  : 18
 Total Scalar Nets and Variables : 118
Total Line Count : 14

 Total Simulation Time: 0.078125 sec

 Current Memory Usage: 4677.7 Meg

Wed Dec 29 20:27:10 2021

