Release 14.7 - xst P.20131013 (nt64)
Copyright (c) 1995-2013 Xilinx, Inc.  All rights reserved.
--> Parameter TMPDIR set to xst/projnav.tmp


Total REAL time to Xst completion: 0.00 secs
Total CPU time to Xst completion: 0.10 secs
 
--> Parameter xsthdpdir set to xst


Total REAL time to Xst completion: 0.00 secs
Total CPU time to Xst completion: 0.10 secs
 
--> Reading design: Four_Bit_UP_Counter.prj

TABLE OF CONTENTS
  1) Synthesis Options Summary
  2) HDL Parsing
  3) HDL Elaboration
  4) HDL Synthesis
       4.1) HDL Synthesis Report
  5) Advanced HDL Synthesis
       5.1) Advanced HDL Synthesis Report
  6) Low Level Synthesis
  7) Partition Report
  8) Design Summary
       8.1) Primitive and Black Box Usage
       8.2) Device utilization summary
       8.3) Partition Resource Summary
       8.4) Timing Report
            8.4.1) Clock Information
            8.4.2) Asynchronous Control Signals Information
            8.4.3) Timing Summary
            8.4.4) Timing Details
            8.4.5) Cross Clock Domains Report


=========================================================================
*                      Synthesis Options Summary                        *
=========================================================================
---- Source Parameters
Input File Name                    : "Four_Bit_UP_Counter.prj"
Ignore Synthesis Constraint File   : NO

---- Target Parameters
Output File Name                   : "Four_Bit_UP_Counter"
Output Format                      : NGC
Target Device                      : xc7a100t-1-csg324

---- Source Options
Top Module Name                    : Four_Bit_UP_Counter
Automatic FSM Extraction           : YES
FSM Encoding Algorithm             : Auto
Safe Implementation                : No
FSM Style                          : LUT
RAM Extraction                     : Yes
RAM Style                          : Auto
ROM Extraction                     : Yes
Shift Register Extraction          : YES
ROM Style                          : Auto
Resource Sharing                   : YES
Asynchronous To Synchronous        : NO
Shift Register Minimum Size        : 2
Use DSP Block                      : Auto
Automatic Register Balancing       : No

---- Target Options
LUT Combining                      : Auto
Reduce Control Sets                : Auto
Add IO Buffers                     : YES
Global Maximum Fanout              : 100000
Add Generic Clock Buffer(BUFG)     : 32
Register Duplication               : YES
Optimize Instantiated Primitives   : NO
Use Clock Enable                   : Auto
Use Synchronous Set                : Auto
Use Synchronous Reset              : Auto
Pack IO Registers into IOBs        : Auto
Equivalent register Removal        : YES

---- General Options
Optimization Goal                  : Speed
Optimization Effort                : 1
Power Reduction                    : NO
Keep Hierarchy                     : No
Netlist Hierarchy                  : As_Optimized
RTL Output                         : Yes
Global Optimization                : AllClockNets
Read Cores                         : YES
Write Timing Constraints           : NO
Cross Clock Analysis               : NO
Hierarchy Separator                : /
Bus Delimiter                      : <>
Case Specifier                     : Maintain
Slice Utilization Ratio            : 100
BRAM Utilization Ratio             : 100
DSP48 Utilization Ratio            : 100
Auto BRAM Packing                  : NO
Slice Utilization Ratio Delta      : 5

=========================================================================


=========================================================================
*                          HDL Parsing                                  *
=========================================================================
Analyzing Verilog file "E:\Projects\Xilinx\Digital\Master_Slave.vf" into library work
Parsing module <Master_Slave>.
Analyzing Verilog file "E:\Projects\Xilinx\Digital\Four_Bit_UP_Counter.vf" into library work
Parsing module <Master_Slave_MUSER_Four_Bit_UP_Counter>.
Parsing module <Four_Bit_UP_Counter>.

=========================================================================
*                            HDL Elaboration                            *
=========================================================================

Elaborating module <Four_Bit_UP_Counter>.

Elaborating module <Master_Slave_MUSER_Four_Bit_UP_Counter>.

Elaborating module <NAND3>.

Elaborating module <NAND2>.

Elaborating module <OR2>.

Elaborating module <INV>.

Elaborating module <VCC>.

=========================================================================
*                           HDL Synthesis                               *
=========================================================================

Synthesizing Unit <Four_Bit_UP_Counter>.
    Related source file is "E:\Projects\Xilinx\Digital\Four_Bit_UP_Counter.vf".
INFO:Xst:3210 - "E:\Projects\Xilinx\Digital\Four_Bit_UP_Counter.vf" line 115: Output port <Qb> of the instance <XLXI_1> is unconnected or connected to loadless signal.
INFO:Xst:3210 - "E:\Projects\Xilinx\Digital\Four_Bit_UP_Counter.vf" line 121: Output port <Qb> of the instance <XLXI_2> is unconnected or connected to loadless signal.
INFO:Xst:3210 - "E:\Projects\Xilinx\Digital\Four_Bit_UP_Counter.vf" line 127: Output port <Qb> of the instance <XLXI_3> is unconnected or connected to loadless signal.
INFO:Xst:3210 - "E:\Projects\Xilinx\Digital\Four_Bit_UP_Counter.vf" line 133: Output port <Qb> of the instance <XLXI_4> is unconnected or connected to loadless signal.
    Summary:
	no macro.
Unit <Four_Bit_UP_Counter> synthesized.

Synthesizing Unit <Master_Slave_MUSER_Four_Bit_UP_Counter>.
    Related source file is "E:\Projects\Xilinx\Digital\Four_Bit_UP_Counter.vf".
    Summary:
	no macro.
Unit <Master_Slave_MUSER_Four_Bit_UP_Counter> synthesized.

=========================================================================
HDL Synthesis Report

Found no macro
=========================================================================

=========================================================================
*                       Advanced HDL Synthesis                          *
=========================================================================


=========================================================================
Advanced HDL Synthesis Report

Found no macro
=========================================================================

=========================================================================
*                         Low Level Synthesis                           *
=========================================================================
WARNING:Xst:2170 - Unit Master_Slave_MUSER_Four_Bit_UP_Counter : the following signal(s) form a combinatorial loop: Q_DUMMY, XLXN_58, Qb_DUMMY, XLXN_69, XLXN_59.

Optimizing unit <Four_Bit_UP_Counter> ...

Optimizing unit <Master_Slave_MUSER_Four_Bit_UP_Counter> ...

Mapping all equations...
Building and optimizing final netlist ...
Found area constraint ratio of 100 (+ 5) on block Four_Bit_UP_Counter, actual ratio is 0.

Final Macro Processing ...

=========================================================================
Final Register Report

Found no macro
=========================================================================

=========================================================================
*                           Partition Report                            *
=========================================================================

Partition Implementation Status
-------------------------------

  No Partitions were found in this design.

-------------------------------

=========================================================================
*                            Design Summary                             *
=========================================================================

Top Level Output File Name         : Four_Bit_UP_Counter.ngc

Primitive and Black Box Usage:
------------------------------
# BELS                             : 17
#      INV                         : 8
#      OR2                         : 8
#      VCC                         : 1
# IO Buffers                       : 6
#      IBUF                        : 2
#      OBUF                        : 4
# Logical                          : 32
#      NAND2                       : 16
#      NAND3                       : 16

Device utilization summary:
---------------------------

Selected Device : 7a100tcsg324-1 


Slice Logic Utilization: 
 Number of Slice LUTs:                    8  out of  63400     0%  
    Number used as Logic:                 8  out of  63400     0%  

Slice Logic Distribution: 
 Number of LUT Flip Flop pairs used:      8
   Number with an unused Flip Flop:       8  out of      8   100%  
   Number with an unused LUT:             0  out of      8     0%  
   Number of fully used LUT-FF pairs:     0  out of      8     0%  
   Number of unique control sets:         0

IO Utilization: 
 Number of IOs:                           6
 Number of bonded IOBs:                   6  out of    210     2%  

Specific Feature Utilization:

---------------------------
Partition Resource Summary:
---------------------------

  No Partitions were found in this design.

---------------------------


=========================================================================
Timing Report

NOTE: THESE TIMING NUMBERS ARE ONLY A SYNTHESIS ESTIMATE.
      FOR ACCURATE TIMING INFORMATION PLEASE REFER TO THE TRACE REPORT
      GENERATED AFTER PLACE-and-ROUTE.

Clock Information:
------------------
No clock signals found in this design

Asynchronous Control Signals Information:
----------------------------------------
No asynchronous control signals found in this design

Timing Summary:
---------------
Speed Grade: -1

   Minimum period: No path found
   Minimum input arrival time before clock: No path found
   Maximum output required time after clock: No path found
   Maximum combinational path delay: 30.427ns

Timing Details:
---------------
All values displayed in nanoseconds (ns)

=========================================================================
Timing constraint: Default path analysis
  Total number of paths / destination ports: 1750 / 4
-------------------------------------------------------------------------
Delay:               30.427ns (Levels of Logic = 30)
  Source:            PS (PAD)
  Destination:       Q3 (PAD)

  Data Path: PS to Q3
                                Gate     Net
    Cell:in->out      fanout   Delay   Delay  Logical Name (Net Name)
    ----------------------------------------  ------------
     IBUF:I->O            12   0.001   0.471  PS_IBUF (PS_IBUF)
     INV:I->O              2   0.664   0.925  XLXI_1/XLXI_11 (XLXI_1/XLXN_53)
     OR2:I1->O             1   0.144   0.919  XLXI_1/XLXI_9 (XLXI_1/XLXN_55)
     NAND2:I1->O           2   0.144   0.782  XLXI_1/XLXI_4 (XLXI_1/XLXN_56)
     NAND3:I2->O           2   0.287   0.945  XLXI_1/XLXI_3 (XLXI_1/XLXN_58)
     NAND2:I0->O           1   0.124   0.919  XLXI_1/XLXI_6 (XLXI_1/XLXN_59)
     NAND3:I1->O           2   0.144   0.945  XLXI_1/XLXI_8 (XLXI_1/Qb_DUMMY)
     NAND2:I0->O           6   0.124   0.972  XLXI_1/XLXI_7 (Q0_OBUF)
     NAND3:I0->O           1   0.124   0.939  XLXI_2/XLXI_1 (XLXI_2/XLXN_67)
     OR2:I0->O             1   0.124   0.919  XLXI_2/XLXI_9 (XLXI_2/XLXN_55)
     NAND2:I1->O           2   0.144   0.782  XLXI_2/XLXI_4 (XLXI_2/XLXN_56)
     NAND3:I2->O           2   0.287   0.945  XLXI_2/XLXI_3 (XLXI_2/XLXN_58)
     NAND2:I0->O           1   0.124   0.919  XLXI_2/XLXI_6 (XLXI_2/XLXN_59)
     NAND3:I1->O           2   0.144   0.945  XLXI_2/XLXI_8 (XLXI_2/Qb_DUMMY)
     NAND2:I0->O           6   0.124   0.972  XLXI_2/XLXI_7 (Q1_OBUF)
     NAND3:I0->O           1   0.124   0.939  XLXI_3/XLXI_1 (XLXI_3/XLXN_67)
     OR2:I0->O             1   0.124   0.919  XLXI_3/XLXI_9 (XLXI_3/XLXN_55)
     NAND2:I1->O           2   0.144   0.782  XLXI_3/XLXI_4 (XLXI_3/XLXN_56)
     NAND3:I2->O           2   0.287   0.945  XLXI_3/XLXI_3 (XLXI_3/XLXN_58)
     NAND2:I0->O           1   0.124   0.919  XLXI_3/XLXI_6 (XLXI_3/XLXN_59)
     NAND3:I1->O           2   0.144   0.945  XLXI_3/XLXI_8 (XLXI_3/Qb_DUMMY)
     NAND2:I0->O           6   0.124   0.972  XLXI_3/XLXI_7 (Q2_OBUF)
     NAND3:I0->O           1   0.124   0.939  XLXI_4/XLXI_1 (XLXI_4/XLXN_67)
     OR2:I0->O             1   0.124   0.919  XLXI_4/XLXI_9 (XLXI_4/XLXN_55)
     NAND2:I1->O           2   0.144   0.782  XLXI_4/XLXI_4 (XLXI_4/XLXN_56)
     NAND3:I2->O           2   0.287   0.945  XLXI_4/XLXI_3 (XLXI_4/XLXN_58)
     NAND2:I0->O           1   0.124   0.919  XLXI_4/XLXI_6 (XLXI_4/XLXN_59)
     NAND3:I1->O           2   0.144   0.945  XLXI_4/XLXI_8 (XLXI_4/Qb_DUMMY)
     NAND2:I0->O           3   0.124   0.413  XLXI_4/XLXI_7 (Q3_OBUF)
     OBUF:I->O                 0.000          Q3_OBUF (Q3)
    ----------------------------------------
    Total                     30.427ns (4.845ns logic, 25.582ns route)
                                       (15.9% logic, 84.1% route)

=========================================================================

Cross Clock Domains Report:
--------------------------

=========================================================================


Total REAL time to Xst completion: 8.00 secs
Total CPU time to Xst completion: 7.82 secs
 
--> 

Total memory usage is 4617500 kilobytes

Number of errors   :    0 (   0 filtered)
Number of warnings :    1 (   0 filtered)
Number of infos    :    4 (   0 filtered)

