Running: C:\Xilinx\14.7\ISE_DS\ISE\bin\nt64\unwrapped\fuse.exe -intstyle ise -incremental -lib unisims_ver -lib unimacro_ver -lib xilinxcorelib_ver -lib secureip -o E:/Projects/Xilinx/Digital/Master_Slave_posedge_isim_beh.exe -prj E:/Projects/Xilinx/Digital/Master_Slave_posedge_beh.prj work.Master_Slave_posedge work.glbl 
ISim P.20131013 (signature 0x7708f090)
Number of CPUs detected in this system: 4
Turning on mult-threading, number of parallel sub-compilation jobs: 8 
Determining compilation order of HDL files
Analyzing Verilog file "E:/Projects/Xilinx/Digital/Master_Slave_posedge.vf" into library work
Analyzing Verilog file "C:/Xilinx/14.7/ISE_DS/ISE//verilog/src/glbl.v" into library work
Starting static elaboration
Completed static elaboration
Compiling module NOR3
Compiling module NOR2
Compiling module OR2
Compiling module INV
Compiling module AND2
Compiling module Master_Slave_posedge
Compiling module glbl
Time Resolution for simulation is 1ps.
Waiting for 1 sub-compilation(s) to finish...
Compiled 7 Verilog Units
Built simulation executable E:/Projects/Xilinx/Digital/Master_Slave_posedge_isim_beh.exe
Fuse Memory Usage: 27756 KB
Fuse CPU Usage: 312 ms
