ISim log file
Running: E:\Projects\Xilinx\Digital\Eight_2_One_MUX_isim_beh.exe -intstyle ise -gui -tclbatch isim.cmd -wdb E:/Projects/Xilinx/Digital/Eight_2_One_MUX_isim_beh.wdb 
ISim P.20131013 (signature 0x7708f090)
WARNING: A WEBPACK license was found.
WARNING: Please use Xilinx License Configuration Manager to check out a full ISim license.
WARNING: ISim will run in Lite mode. Please refer to the ISim documentation for more information on the differences between the Lite and the Full version.
This is a Lite version of ISim.
Time resolution is 1 ps
# onerror resume
# wave add /
# run 1000 ns
Simulator is doing circuit initialization process.
Finished circuit initialization process.
# isim force add /Eight_2_One_MUX/D0 1 -radix bin
# isim force add /Eight_2_One_MUX/D0 1 -radix bin
# isim force add /Eight_2_One_MUX/D1 0 -radix bin
# isim force add /Eight_2_One_MUX/D1 0 -radix bin
# isim force add /Eight_2_One_MUX/D2 1 -radix bin
# isim force add /Eight_2_One_MUX/D2 1 -radix bin
# isim force add /Eight_2_One_MUX/D3 0 -radix bin
# isim force add /Eight_2_One_MUX/D3 0 -radix bin
# isim force add /Eight_2_One_MUX/D4 1 -radix bin
# isim force add /Eight_2_One_MUX/D4 1 -radix bin
# isim force add /Eight_2_One_MUX/D5 0 -radix bin
# isim force add /Eight_2_One_MUX/D5 0 -radix bin
# isim force add /Eight_2_One_MUX/D6 1 -radix bin
# isim force add /Eight_2_One_MUX/D6 1 -radix bin
# isim force add /Eight_2_One_MUX/D7 0 -radix bin
# isim force add /Eight_2_One_MUX/D7 0 -radix bin
# isim force add /Eight_2_One_MUX/RESET 1 -radix bin
# isim force add /Eight_2_One_MUX/RESET 1 -radix bin
# isim force add /Eight_2_One_MUX/SEL 2 -radix unsigned
# isim force add /Eight_2_One_MUX/SEL 2 -radix unsigned
# run 1.00us
# isim force add /Eight_2_One_MUX/SEL 0 -radix unsigned
# isim force add /Eight_2_One_MUX/SEL 0 -radix unsigned
# run 1.00us
# isim force add /Eight_2_One_MUX/SEL 6 -radix unsigned
# isim force add /Eight_2_One_MUX/SEL 6 -radix unsigned
# run 1.00us
# isim force add /Eight_2_One_MUX/SEL 3 -radix unsigned
# isim force add /Eight_2_One_MUX/SEL 3 -radix unsigned
# run 1.00us
