--------------------------------------------------------------------------------
Release 14.7 Trace  (nt64)
Copyright (c) 1995-2013 Xilinx, Inc.  All rights reserved.

C:\Xilinx\14.7\ISE_DS\ISE\bin\nt64\unwrapped\trce.exe -intstyle ise -v 3 -s 1
-n 3 -fastpaths -xml ODD_EVEN.twx ODD_EVEN.ncd -o ODD_EVEN.twr ODD_EVEN.pcf
-ucf ODD_EVEN.ucf

Design file:              ODD_EVEN.ncd
Physical constraint file: ODD_EVEN.pcf
Device,package,speed:     xc7a100t,csg324,C,-1 (PRODUCTION 1.10 2013-10-13)
Report level:             verbose report

Environment Variable      Effect 
--------------------      ------ 
NONE                      No environment variables were set
--------------------------------------------------------------------------------

INFO:Timing:2698 - No timing constraints found, doing default enumeration.
INFO:Timing:3412 - To improve timing, see the Timing Closure User Guide (UG612).
INFO:Timing:2752 - To get complete path coverage, use the unconstrained paths 
   option. All paths that are not constrained will be reported in the 
   unconstrained paths section(s) of the report.
INFO:Timing:3339 - The clock-to-out numbers in this timing report are based on 
   a 50 Ohm transmission line loading model.  For the details of this model, 
   and for more information on accounting for different loading conditions, 
   please see the device datasheet.



Data Sheet report:
-----------------
All values displayed in nanoseconds (ns)

Pad to Pad
---------------+---------------+---------+
Source Pad     |Destination Pad|  Delay  |
---------------+---------------+---------+
CLEAR          |Q0             |   98.267|
CLEAR          |Q1             |   94.800|
CLEAR          |Q2             |   98.244|
CLEAR          |Q3             |  100.752|
CLOCK          |Q0             |   93.682|
CLOCK          |Q1             |   89.951|
CLOCK          |Q2             |   93.395|
CLOCK          |Q3             |   95.903|
SEL_Q0         |Q0             |    9.957|
---------------+---------------+---------+


Analysis completed Sat Feb 05 16:09:40 2022 
--------------------------------------------------------------------------------

Trace Settings:
-------------------------
Trace Settings 

Peak Memory Usage: 5002 MB



