Release 14.7 - ngc2edif P.20131013 (nt64)
Copyright (c) 1995-2013 Xilinx, Inc.  All rights reserved.
Reading design BlackBox.ngc ...
WARNING:NetListWriters:298 - No output is written to BlackBox.xncf, ignored.
Processing design ...
   Preping design's networks ...
   Preping design's macros ...
  finished :Prep
Writing EDIF netlist file BlackBox.edif ...
ngc2edif: Total memory usage is 4314404 kilobytes

Release 14.7 - ngc2edif P.20131013 (nt64)
Copyright (c) 1995-2013 Xilinx, Inc.  All rights reserved.
Reading design Couter_Task.ngc ...
WARNING:NetListWriters:298 - No output is written to Couter_Task.xncf, ignored.
Processing design ...
   Preping design's networks ...
   Preping design's macros ...
  finished :Prep
Writing EDIF netlist file Couter_Task.edif ...
ngc2edif: Total memory usage is 4313828 kilobytes

Release 14.7 - ngc2edif P.20131013 (nt64)
Copyright (c) 1995-2013 Xilinx, Inc.  All rights reserved.
Reading design ODD_EVEN.ngc ...
WARNING:NetListWriters:298 - No output is written to ODD_EVEN.xncf, ignored.
Processing design ...
   Preping design's networks ...
   Preping design's macros ...
  finished :Prep
Writing EDIF netlist file ODD_EVEN.edif ...
ngc2edif: Total memory usage is 4313828 kilobytes

Release 14.7 - ngc2edif P.20131013 (nt64)
Copyright (c) 1995-2013 Xilinx, Inc.  All rights reserved.
Reading design ODD_EVEN.ngc ...
WARNING:NetListWriters:298 - No output is written to ODD_EVEN.xncf, ignored.
Processing design ...
   Preping design's networks ...
   Preping design's macros ...
  finished :Prep
Writing EDIF netlist file ODD_EVEN.edif ...
ngc2edif: Total memory usage is 4313828 kilobytes

Release 14.7 - ngc2edif P.20131013 (nt64)
Copyright (c) 1995-2013 Xilinx, Inc.  All rights reserved.
Reading design ODD_EVEN.ngc ...
WARNING:NetListWriters:298 - No output is written to ODD_EVEN.xncf, ignored.
Processing design ...
   Preping design's networks ...
   Preping design's macros ...
  finished :Prep
Writing EDIF netlist file ODD_EVEN.edif ...
ngc2edif: Total memory usage is 4313828 kilobytes

Release 14.7 - ngc2edif P.20131013 (nt64)
Copyright (c) 1995-2013 Xilinx, Inc.  All rights reserved.
Reading design ODD_EVEN.ngc ...
WARNING:NetListWriters:298 - No output is written to ODD_EVEN.xncf, ignored.
Processing design ...
   Preping design's networks ...
   Preping design's macros ...
  finished :Prep
Writing EDIF netlist file ODD_EVEN.edif ...
ngc2edif: Total memory usage is 4313828 kilobytes

