Command line:
   BlackBox_isim_beh.exe
     -simmode  gui
     -simrunnum  0
     -socket  58326

Sat Jan 29 23:48:54 2022


 Elaboration Time: 0.0625 sec

 Current Memory Usage: 5153.78 Meg

 Total Signals          : 1555
 Total Nets             : 394
 Total Signal Drivers   : 383
 Total Blocks           : 353
 Total Primitive Blocks : 325
 Total Processes        : 384
 Total Traceable Variables  : 18
 Total Scalar Nets and Variables : 474
Total Line Count : 68

 Total Simulation Time: 835.281 sec

 Current Memory Usage: 4681.92 Meg

Sun Jan 30 00:04:19 2022

