Command line:
   JK_Latch_isim_beh.exe
     -simmode  gui
     -simrunnum  0
     -socket  58537

Sun Jan 30 00:05:52 2022


 Elaboration Time: 0.046875 sec

 Current Memory Usage: 5149.63 Meg

 Total Signals          : 45
 Total Nets             : 25
 Total Signal Drivers   : 13
 Total Blocks           : 8
 Total Primitive Blocks : 7
 Total Processes        : 14
 Total Traceable Variables  : 18
 Total Scalar Nets and Variables : 105
Total Line Count : 16

 Total Simulation Time: 0.0625 sec

 Current Memory Usage: 4677.77 Meg

Sun Jan 30 00:08:57 2022

