Command line:
   T_FF_isim_beh.exe
     -simmode  gui
     -simrunnum  0
     -socket  54805

Sat Feb 05 13:31:35 2022


 Elaboration Time: 0.03125 sec

 Current Memory Usage: 5149.62 Meg

 Total Signals          : 74
 Total Nets             : 30
 Total Signal Drivers   : 19
 Total Blocks           : 15
 Total Primitive Blocks : 13
 Total Processes        : 20
 Total Traceable Variables  : 18
 Total Scalar Nets and Variables : 110
Total Line Count : 16

 Total Simulation Time: 0.109375 sec

 Current Memory Usage: 4677.76 Meg

Sat Feb 05 13:44:46 2022

