Command line:
   DataFlow_T_FF_isim_beh.exe
     -simmode  gui
     -simrunnum  0
     -socket  56705

Mon Mar 14 13:42:31 2022


 Elaboration Time: 0.0625 sec

 Current Memory Usage: 5149.66 Meg

 Total Signals          : 25
 Total Nets             : 25
 Total Signal Drivers   : 14
 Total Blocks           : 2
 Total Primitive Blocks : 2
 Total Processes        : 15
 Total Traceable Variables  : 18
 Total Scalar Nets and Variables : 105
Total Line Count : 23

 Total Simulation Time: 0.125 sec

 Current Memory Usage: 5306.94 Meg

Mon Mar 14 13:43:03 2022

