Command line:
   Eight_2_One_MUX_isim_beh.exe
     -simmode  gui
     -simrunnum  0
     -socket  54345

Wed Dec 29 22:39:50 2021


 Elaboration Time: 0.03125 sec

 Current Memory Usage: 5150.2 Meg

 Total Signals          : 219
 Total Nets             : 67
 Total Signal Drivers   : 47
 Total Blocks           : 51
 Total Primitive Blocks : 43
 Total Processes        : 48
 Total Traceable Variables  : 18
 Total Scalar Nets and Variables : 147
Total Line Count : 14

 Total Simulation Time: 0.125 sec

 Current Memory Usage: 4678.34 Meg

Wed Dec 29 22:43:15 2021

