Command line:
   FA_isim_beh.exe
     -simmode  gui
     -simrunnum  0
     -socket  56533

Wed Dec 29 00:07:42 2021


 Elaboration Time: 0.03125 sec

 Current Memory Usage: 5149.58 Meg

 Total Signals          : 79
 Total Nets             : 30
 Total Signal Drivers   : 18
 Total Blocks           : 17
 Total Primitive Blocks : 14
 Total Processes        : 19
 Total Traceable Variables  : 18
 Total Scalar Nets and Variables : 110
Total Line Count : 14

 Total Simulation Time: 0.125 sec

 Current Memory Usage: 4677.72 Meg

Wed Dec 29 00:10:32 2021

