Command line:
   JK_Latch_Syn_isim_beh.exe
     -simmode  gui
     -simrunnum  0
     -socket  56225

Sat Jan 29 17:18:34 2022


 Elaboration Time: 0.109375 sec

 Current Memory Usage: 5149.62 Meg

 Total Signals          : 50
 Total Nets             : 26
 Total Signal Drivers   : 14
 Total Blocks           : 9
 Total Primitive Blocks : 8
 Total Processes        : 15
 Total Traceable Variables  : 18
 Total Scalar Nets and Variables : 106
Total Line Count : 16

 Total Simulation Time: 0.28125 sec

 Current Memory Usage: 4677.76 Meg

Sat Jan 29 17:21:10 2022

