Command line:
   Master_Slave_1_0_isim_beh.exe
     -simmode  gui
     -simrunnum  0
     -socket  52163

Tue Feb 22 16:14:02 2022


 Elaboration Time: 0.03125 sec

 Current Memory Usage: 5150.22 Meg

 Total Signals          : 69
 Total Nets             : 31
 Total Signal Drivers   : 19
 Total Blocks           : 14
 Total Primitive Blocks : 13
 Total Processes        : 20
 Total Traceable Variables  : 18
 Total Scalar Nets and Variables : 111
Total Line Count : 16

 Total Simulation Time: 0.109375 sec

 Current Memory Usage: 5150.22 Meg

Tue Feb 22 16:14:27 2022

